2024/09/09 14:40:42 [notice] 1#1: using the "epoll" event method
2024/09/09 14:40:42 [notice] 1#1: nginx/1.27.0
2024/09/09 14:40:42 [notice] 1#1: built by gcc 13.2.1 20231014 (Alpine 13.2.1_git20231014) 
2024/09/09 14:40:42 [notice] 1#1: OS: Linux 5.15.153.1-microsoft-standard-WSL2
2024/09/09 14:40:42 [notice] 1#1: getrlimit(RLIMIT_NOFILE): 1048576:1048576
2024/09/09 14:40:42 [notice] 1#1: start worker processes
2024/09/09 14:40:42 [notice] 1#1: start worker process 21
2024/09/09 14:40:42 [notice] 1#1: start worker process 22
2024/09/09 14:40:42 [notice] 1#1: start worker process 23
2024/09/09 14:40:42 [notice] 1#1: start worker process 24
2024/09/09 16:31:09 [notice] 1#1: signal 3 (SIGQUIT) received, shutting down
2024/09/09 16:31:09 [notice] 21#21: gracefully shutting down
2024/09/09 16:31:09 [notice] 22#22: gracefully shutting down
2024/09/09 16:31:09 [notice] 22#22: exiting
2024/09/09 16:31:09 [notice] 22#22: exit
2024/09/09 16:31:09 [notice] 21#21: exiting
2024/09/09 16:31:09 [notice] 24#24: gracefully shutting down
2024/09/09 16:31:09 [notice] 23#23: gracefully shutting down
2024/09/09 16:31:09 [notice] 21#21: exit
2024/09/09 16:31:09 [notice] 23#23: exiting
2024/09/09 16:31:09 [notice] 23#23: exit
2024/09/09 16:31:09 [notice] 1#1: signal 17 (SIGCHLD) received from 22
2024/09/09 16:31:09 [notice] 1#1: worker process 21 exited with code 0
2024/09/09 16:31:09 [notice] 1#1: worker process 22 exited with code 0
2024/09/09 16:31:09 [notice] 1#1: signal 29 (SIGIO) received
2024/09/09 16:31:09 [notice] 1#1: signal 17 (SIGCHLD) received from 23
2024/09/09 16:31:09 [notice] 1#1: worker process 23 exited with code 0
2024/09/09 16:31:09 [notice] 1#1: signal 29 (SIGIO) received
